mode: set
github.com/BrazilITRemote/bir-oficinago-2024-t4/estudantes/ygorth/11-select/select.go:11.54,13.2 1 1
github.com/BrazilITRemote/bir-oficinago-2024-t4/estudantes/ygorth/11-select/select.go:15.89,16.9 1 1
github.com/BrazilITRemote/bir-oficinago-2024-t4/estudantes/ygorth/11-select/select.go:17.17,18.16 1 0
github.com/BrazilITRemote/bir-oficinago-2024-t4/estudantes/ygorth/11-select/select.go:19.17,20.16 1 1
github.com/BrazilITRemote/bir-oficinago-2024-t4/estudantes/ygorth/11-select/select.go:21.29,22.65 1 1
github.com/BrazilITRemote/bir-oficinago-2024-t4/estudantes/ygorth/11-select/select.go:26.37,28.12 2 1
github.com/BrazilITRemote/bir-oficinago-2024-t4/estudantes/ygorth/11-select/select.go:28.12,31.3 2 1
github.com/BrazilITRemote/bir-oficinago-2024-t4/estudantes/ygorth/11-select/select.go:32.2,32.11 1 1
